<?xml version="1.0" encoding="UTF-8"?>
<testng-results ignored="0" total="1" passed="1" failed="0" skipped="0">
  <reporter-output>
  </reporter-output>
  <suite started-at="2022-12-10T20:57:10 EST" name="Default suite" finished-at="2022-12-10T20:57:40 EST" duration-ms="30535">
    <groups>
    </groups>
    <test started-at="2022-12-10T20:57:10 EST" name="Default test" finished-at="2022-12-10T20:57:40 EST" duration-ms="30535">
      <class name="com.KuldeepSingh.learningSelenium.FirstSeleniumScript">
        <test-method is-config="true" signature="setup()[pri:0, instance:com.KuldeepSingh.learningSelenium.FirstSeleniumScript@156b88f5]" started-at="2022-12-10T20:57:10 EST" name="setup" finished-at="2022-12-10T20:57:34 EST" duration-ms="24637" status="PASS">
          <reporter-output>
          </reporter-output>
        </test-method> <!-- setup -->
        <test-method signature="verifyLoginTest()[pri:0, instance:com.KuldeepSingh.learningSelenium.FirstSeleniumScript@156b88f5]" started-at="2022-12-10T20:57:34 EST" name="verifyLoginTest" finished-at="2022-12-10T20:57:37 EST" duration-ms="2963" status="PASS">
          <reporter-output>
          </reporter-output>
        </test-method> <!-- verifyLoginTest -->
        <test-method is-config="true" signature="tearDown()[pri:0, instance:com.KuldeepSingh.learningSelenium.FirstSeleniumScript@156b88f5]" started-at="2022-12-10T20:57:37 EST" name="tearDown" finished-at="2022-12-10T20:57:40 EST" duration-ms="2776" status="PASS">
          <reporter-output>
          </reporter-output>
        </test-method> <!-- tearDown -->
      </class> <!-- com.KuldeepSingh.learningSelenium.FirstSeleniumScript -->
    </test> <!-- Default test -->
  </suite> <!-- Default suite -->
</testng-results>
